<?xml version="1.0" encoding="UTF-8"?>
<testsuite xmlns:xsi="http://www.w3.org/2001/XMLSchema-instance" xsi:noNamespaceSchemaLocation="https://maven.apache.org/surefire/maven-surefire-plugin/xsd/surefire-test-report.xsd" name="com.control.textlocal.reports.ReportsApplicationTests" time="3.265" tests="2" errors="1" skipped="0" failures="0">
  <properties>
    <property name="sun.desktop" value="gnome"/>
    <property name="awt.toolkit" value="sun.awt.X11.XToolkit"/>
    <property name="java.specification.version" value="11"/>
    <property name="sun.cpu.isalist" value=""/>
    <property name="sun.jnu.encoding" value="UTF-8"/>
    <property name="java.class.path" value="/home/local/IMIDOMAIN/shreya.r/Desktop/STSProjects/reports/target/test-classes:/home/local/IMIDOMAIN/shreya.r/Desktop/STSProjects/reports/target/classes:/home/local/IMIDOMAIN/shreya.r/.m2/repository/org/springframework/boot/spring-boot-starter-data-mongodb/2.2.6.RELEASE/spring-boot-starter-data-mongodb-2.2.6.RELEASE.jar:/home/local/IMIDOMAIN/shreya.r/.m2/repository/org/springframework/boot/spring-boot-starter/2.2.6.RELEASE/spring-boot-starter-2.2.6.RELEASE.jar:/home/local/IMIDOMAIN/shreya.r/.m2/repository/org/springframework/boot/spring-boot/2.2.6.RELEASE/spring-boot-2.2.6.RELEASE.jar:/home/local/IMIDOMAIN/shreya.r/.m2/repository/org/springframework/boot/spring-boot-autoconfigure/2.2.6.RELEASE/spring-boot-autoconfigure-2.2.6.RELEASE.jar:/home/local/IMIDOMAIN/shreya.r/.m2/repository/org/springframework/boot/spring-boot-starter-logging/2.2.6.RELEASE/spring-boot-starter-logging-2.2.6.RELEASE.jar:/home/local/IMIDOMAIN/shreya.r/.m2/repository/ch/qos/logback/logback-classic/1.2.3/logback-classic-1.2.3.jar:/home/local/IMIDOMAIN/shreya.r/.m2/repository/org/apache/logging/log4j/log4j-to-slf4j/2.12.1/log4j-to-slf4j-2.12.1.jar:/home/local/IMIDOMAIN/shreya.r/.m2/repository/org/apache/logging/log4j/log4j-api/2.12.1/log4j-api-2.12.1.jar:/home/local/IMIDOMAIN/shreya.r/.m2/repository/org/slf4j/jul-to-slf4j/1.7.30/jul-to-slf4j-1.7.30.jar:/home/local/IMIDOMAIN/shreya.r/.m2/repository/jakarta/annotation/jakarta.annotation-api/1.3.5/jakarta.annotation-api-1.3.5.jar:/home/local/IMIDOMAIN/shreya.r/.m2/repository/org/yaml/snakeyaml/1.25/snakeyaml-1.25.jar:/home/local/IMIDOMAIN/shreya.r/.m2/repository/org/mongodb/mongodb-driver/3.11.2/mongodb-driver-3.11.2.jar:/home/local/IMIDOMAIN/shreya.r/.m2/repository/org/mongodb/bson/3.11.2/bson-3.11.2.jar:/home/local/IMIDOMAIN/shreya.r/.m2/repository/org/mongodb/mongodb-driver-core/3.11.2/mongodb-driver-core-3.11.2.jar:/home/local/IMIDOMAIN/shreya.r/.m2/repository/org/springframework/data/spring-data-mongodb/2.2.6.RELEASE/spring-data-mongodb-2.2.6.RELEASE.jar:/home/local/IMIDOMAIN/shreya.r/.m2/repository/org/springframework/spring-tx/5.2.5.RELEASE/spring-tx-5.2.5.RELEASE.jar:/home/local/IMIDOMAIN/shreya.r/.m2/repository/org/springframework/spring-context/5.2.5.RELEASE/spring-context-5.2.5.RELEASE.jar:/home/local/IMIDOMAIN/shreya.r/.m2/repository/org/springframework/spring-beans/5.2.5.RELEASE/spring-beans-5.2.5.RELEASE.jar:/home/local/IMIDOMAIN/shreya.r/.m2/repository/org/springframework/spring-expression/5.2.5.RELEASE/spring-expression-5.2.5.RELEASE.jar:/home/local/IMIDOMAIN/shreya.r/.m2/repository/org/springframework/data/spring-data-commons/2.2.6.RELEASE/spring-data-commons-2.2.6.RELEASE.jar:/home/local/IMIDOMAIN/shreya.r/.m2/repository/org/springframework/boot/spring-boot-starter-web/2.2.6.RELEASE/spring-boot-starter-web-2.2.6.RELEASE.jar:/home/local/IMIDOMAIN/shreya.r/.m2/repository/org/springframework/boot/spring-boot-starter-json/2.2.6.RELEASE/spring-boot-starter-json-2.2.6.RELEASE.jar:/home/local/IMIDOMAIN/shreya.r/.m2/repository/com/fasterxml/jackson/datatype/jackson-datatype-jdk8/2.10.3/jackson-datatype-jdk8-2.10.3.jar:/home/local/IMIDOMAIN/shreya.r/.m2/repository/com/fasterxml/jackson/datatype/jackson-datatype-jsr310/2.10.3/jackson-datatype-jsr310-2.10.3.jar:/home/local/IMIDOMAIN/shreya.r/.m2/repository/com/fasterxml/jackson/module/jackson-module-parameter-names/2.10.3/jackson-module-parameter-names-2.10.3.jar:/home/local/IMIDOMAIN/shreya.r/.m2/repository/org/springframework/boot/spring-boot-starter-tomcat/2.2.6.RELEASE/spring-boot-starter-tomcat-2.2.6.RELEASE.jar:/home/local/IMIDOMAIN/shreya.r/.m2/repository/org/apache/tomcat/embed/tomcat-embed-core/9.0.33/tomcat-embed-core-9.0.33.jar:/home/local/IMIDOMAIN/shreya.r/.m2/repository/org/apache/tomcat/embed/tomcat-embed-el/9.0.33/tomcat-embed-el-9.0.33.jar:/home/local/IMIDOMAIN/shreya.r/.m2/repository/org/apache/tomcat/embed/tomcat-embed-websocket/9.0.33/tomcat-embed-websocket-9.0.33.jar:/home/local/IMIDOMAIN/shreya.r/.m2/repository/org/springframework/boot/spring-boot-starter-validation/2.2.6.RELEASE/spring-boot-starter-validation-2.2.6.RELEASE.jar:/home/local/IMIDOMAIN/shreya.r/.m2/repository/jakarta/validation/jakarta.validation-api/2.0.2/jakarta.validation-api-2.0.2.jar:/home/local/IMIDOMAIN/shreya.r/.m2/repository/org/hibernate/validator/hibernate-validator/6.0.18.Final/hibernate-validator-6.0.18.Final.jar:/home/local/IMIDOMAIN/shreya.r/.m2/repository/org/jboss/logging/jboss-logging/3.4.1.Final/jboss-logging-3.4.1.Final.jar:/home/local/IMIDOMAIN/shreya.r/.m2/repository/com/fasterxml/classmate/1.5.1/classmate-1.5.1.jar:/home/local/IMIDOMAIN/shreya.r/.m2/repository/org/springframework/spring-web/5.2.5.RELEASE/spring-web-5.2.5.RELEASE.jar:/home/local/IMIDOMAIN/shreya.r/.m2/repository/org/springframework/spring-webmvc/5.2.5.RELEASE/spring-webmvc-5.2.5.RELEASE.jar:/home/local/IMIDOMAIN/shreya.r/.m2/repository/org/springframework/spring-aop/5.2.5.RELEASE/spring-aop-5.2.5.RELEASE.jar:/home/local/IMIDOMAIN/shreya.r/.m2/repository/org/slf4j/slf4j-api/1.7.30/slf4j-api-1.7.30.jar:/home/local/IMIDOMAIN/shreya.r/.m2/repository/net/logstash/logback/logstash-logback-encoder/4.11/logstash-logback-encoder-4.11.jar:/home/local/IMIDOMAIN/shreya.r/.m2/repository/ch/qos/logback/logback-core/1.2.3/logback-core-1.2.3.jar:/home/local/IMIDOMAIN/shreya.r/.m2/repository/com/fasterxml/jackson/core/jackson-databind/2.10.3/jackson-databind-2.10.3.jar:/home/local/IMIDOMAIN/shreya.r/.m2/repository/com/fasterxml/jackson/core/jackson-annotations/2.10.3/jackson-annotations-2.10.3.jar:/home/local/IMIDOMAIN/shreya.r/.m2/repository/com/fasterxml/jackson/core/jackson-core/2.10.3/jackson-core-2.10.3.jar:/home/local/IMIDOMAIN/shreya.r/.m2/repository/org/springframework/boot/spring-boot-starter-test/2.2.6.RELEASE/spring-boot-starter-test-2.2.6.RELEASE.jar:/home/local/IMIDOMAIN/shreya.r/.m2/repository/org/springframework/boot/spring-boot-test/2.2.6.RELEASE/spring-boot-test-2.2.6.RELEASE.jar:/home/local/IMIDOMAIN/shreya.r/.m2/repository/org/springframework/boot/spring-boot-test-autoconfigure/2.2.6.RELEASE/spring-boot-test-autoconfigure-2.2.6.RELEASE.jar:/home/local/IMIDOMAIN/shreya.r/.m2/repository/com/jayway/jsonpath/json-path/2.4.0/json-path-2.4.0.jar:/home/local/IMIDOMAIN/shreya.r/.m2/repository/net/minidev/json-smart/2.3/json-smart-2.3.jar:/home/local/IMIDOMAIN/shreya.r/.m2/repository/net/minidev/accessors-smart/1.2/accessors-smart-1.2.jar:/home/local/IMIDOMAIN/shreya.r/.m2/repository/org/ow2/asm/asm/5.0.4/asm-5.0.4.jar:/home/local/IMIDOMAIN/shreya.r/.m2/repository/jakarta/xml/bind/jakarta.xml.bind-api/2.3.3/jakarta.xml.bind-api-2.3.3.jar:/home/local/IMIDOMAIN/shreya.r/.m2/repository/jakarta/activation/jakarta.activation-api/1.2.2/jakarta.activation-api-1.2.2.jar:/home/local/IMIDOMAIN/shreya.r/.m2/repository/org/junit/jupiter/junit-jupiter/5.5.2/junit-jupiter-5.5.2.jar:/home/local/IMIDOMAIN/shreya.r/.m2/repository/org/junit/jupiter/junit-jupiter-api/5.5.2/junit-jupiter-api-5.5.2.jar:/home/local/IMIDOMAIN/shreya.r/.m2/repository/org/apiguardian/apiguardian-api/1.1.0/apiguardian-api-1.1.0.jar:/home/local/IMIDOMAIN/shreya.r/.m2/repository/org/opentest4j/opentest4j/1.2.0/opentest4j-1.2.0.jar:/home/local/IMIDOMAIN/shreya.r/.m2/repository/org/junit/platform/junit-platform-commons/1.5.2/junit-platform-commons-1.5.2.jar:/home/local/IMIDOMAIN/shreya.r/.m2/repository/org/junit/jupiter/junit-jupiter-params/5.5.2/junit-jupiter-params-5.5.2.jar:/home/local/IMIDOMAIN/shreya.r/.m2/repository/org/junit/jupiter/junit-jupiter-engine/5.5.2/junit-jupiter-engine-5.5.2.jar:/home/local/IMIDOMAIN/shreya.r/.m2/repository/org/junit/platform/junit-platform-engine/1.5.2/junit-platform-engine-1.5.2.jar:/home/local/IMIDOMAIN/shreya.r/.m2/repository/org/mockito/mockito-junit-jupiter/3.1.0/mockito-junit-jupiter-3.1.0.jar:/home/local/IMIDOMAIN/shreya.r/.m2/repository/org/assertj/assertj-core/3.13.2/assertj-core-3.13.2.jar:/home/local/IMIDOMAIN/shreya.r/.m2/repository/org/hamcrest/hamcrest/2.1/hamcrest-2.1.jar:/home/local/IMIDOMAIN/shreya.r/.m2/repository/org/mockito/mockito-core/3.1.0/mockito-core-3.1.0.jar:/home/local/IMIDOMAIN/shreya.r/.m2/repository/net/bytebuddy/byte-buddy/1.10.8/byte-buddy-1.10.8.jar:/home/local/IMIDOMAIN/shreya.r/.m2/repository/net/bytebuddy/byte-buddy-agent/1.10.8/byte-buddy-agent-1.10.8.jar:/home/local/IMIDOMAIN/shreya.r/.m2/repository/org/objenesis/objenesis/2.6/objenesis-2.6.jar:/home/local/IMIDOMAIN/shreya.r/.m2/repository/org/skyscreamer/jsonassert/1.5.0/jsonassert-1.5.0.jar:/home/local/IMIDOMAIN/shreya.r/.m2/repository/com/vaadin/external/google/android-json/0.0.20131108.vaadin1/android-json-0.0.20131108.vaadin1.jar:/home/local/IMIDOMAIN/shreya.r/.m2/repository/org/springframework/spring-core/5.2.5.RELEASE/spring-core-5.2.5.RELEASE.jar:/home/local/IMIDOMAIN/shreya.r/.m2/repository/org/springframework/spring-jcl/5.2.5.RELEASE/spring-jcl-5.2.5.RELEASE.jar:/home/local/IMIDOMAIN/shreya.r/.m2/repository/org/springframework/spring-test/5.2.5.RELEASE/spring-test-5.2.5.RELEASE.jar:/home/local/IMIDOMAIN/shreya.r/.m2/repository/org/xmlunit/xmlunit-core/2.6.4/xmlunit-core-2.6.4.jar:"/>
    <property name="java.vm.vendor" value="Private Build"/>
    <property name="sun.arch.data.model" value="64"/>
    <property name="java.vendor.url" value="Unknown"/>
    <property name="user.timezone" value=""/>
    <property name="java.vm.specification.version" value="11"/>
    <property name="os.name" value="Linux"/>
    <property name="sun.java.launcher" value="SUN_STANDARD"/>
    <property name="user.country" value="IN"/>
    <property name="sun.boot.library.path" value="/usr/lib/jvm/java-11-openjdk-amd64/lib"/>
    <property name="sun.java.command" value="/home/local/IMIDOMAIN/shreya.r/Desktop/STSProjects/reports/target/surefire/surefirebooter7075943421775562715.jar /home/local/IMIDOMAIN/shreya.r/Desktop/STSProjects/reports/target/surefire 2020-04-07T13-01-54_236-jvmRun1 surefire717743355704071827tmp surefire_016945694794374272831tmp"/>
    <property name="jdk.debug" value="release"/>
    <property name="surefire.test.class.path" value="/home/local/IMIDOMAIN/shreya.r/Desktop/STSProjects/reports/target/test-classes:/home/local/IMIDOMAIN/shreya.r/Desktop/STSProjects/reports/target/classes:/home/local/IMIDOMAIN/shreya.r/.m2/repository/org/springframework/boot/spring-boot-starter-data-mongodb/2.2.6.RELEASE/spring-boot-starter-data-mongodb-2.2.6.RELEASE.jar:/home/local/IMIDOMAIN/shreya.r/.m2/repository/org/springframework/boot/spring-boot-starter/2.2.6.RELEASE/spring-boot-starter-2.2.6.RELEASE.jar:/home/local/IMIDOMAIN/shreya.r/.m2/repository/org/springframework/boot/spring-boot/2.2.6.RELEASE/spring-boot-2.2.6.RELEASE.jar:/home/local/IMIDOMAIN/shreya.r/.m2/repository/org/springframework/boot/spring-boot-autoconfigure/2.2.6.RELEASE/spring-boot-autoconfigure-2.2.6.RELEASE.jar:/home/local/IMIDOMAIN/shreya.r/.m2/repository/org/springframework/boot/spring-boot-starter-logging/2.2.6.RELEASE/spring-boot-starter-logging-2.2.6.RELEASE.jar:/home/local/IMIDOMAIN/shreya.r/.m2/repository/ch/qos/logback/logback-classic/1.2.3/logback-classic-1.2.3.jar:/home/local/IMIDOMAIN/shreya.r/.m2/repository/org/apache/logging/log4j/log4j-to-slf4j/2.12.1/log4j-to-slf4j-2.12.1.jar:/home/local/IMIDOMAIN/shreya.r/.m2/repository/org/apache/logging/log4j/log4j-api/2.12.1/log4j-api-2.12.1.jar:/home/local/IMIDOMAIN/shreya.r/.m2/repository/org/slf4j/jul-to-slf4j/1.7.30/jul-to-slf4j-1.7.30.jar:/home/local/IMIDOMAIN/shreya.r/.m2/repository/jakarta/annotation/jakarta.annotation-api/1.3.5/jakarta.annotation-api-1.3.5.jar:/home/local/IMIDOMAIN/shreya.r/.m2/repository/org/yaml/snakeyaml/1.25/snakeyaml-1.25.jar:/home/local/IMIDOMAIN/shreya.r/.m2/repository/org/mongodb/mongodb-driver/3.11.2/mongodb-driver-3.11.2.jar:/home/local/IMIDOMAIN/shreya.r/.m2/repository/org/mongodb/bson/3.11.2/bson-3.11.2.jar:/home/local/IMIDOMAIN/shreya.r/.m2/repository/org/mongodb/mongodb-driver-core/3.11.2/mongodb-driver-core-3.11.2.jar:/home/local/IMIDOMAIN/shreya.r/.m2/repository/org/springframework/data/spring-data-mongodb/2.2.6.RELEASE/spring-data-mongodb-2.2.6.RELEASE.jar:/home/local/IMIDOMAIN/shreya.r/.m2/repository/org/springframework/spring-tx/5.2.5.RELEASE/spring-tx-5.2.5.RELEASE.jar:/home/local/IMIDOMAIN/shreya.r/.m2/repository/org/springframework/spring-context/5.2.5.RELEASE/spring-context-5.2.5.RELEASE.jar:/home/local/IMIDOMAIN/shreya.r/.m2/repository/org/springframework/spring-beans/5.2.5.RELEASE/spring-beans-5.2.5.RELEASE.jar:/home/local/IMIDOMAIN/shreya.r/.m2/repository/org/springframework/spring-expression/5.2.5.RELEASE/spring-expression-5.2.5.RELEASE.jar:/home/local/IMIDOMAIN/shreya.r/.m2/repository/org/springframework/data/spring-data-commons/2.2.6.RELEASE/spring-data-commons-2.2.6.RELEASE.jar:/home/local/IMIDOMAIN/shreya.r/.m2/repository/org/springframework/boot/spring-boot-starter-web/2.2.6.RELEASE/spring-boot-starter-web-2.2.6.RELEASE.jar:/home/local/IMIDOMAIN/shreya.r/.m2/repository/org/springframework/boot/spring-boot-starter-json/2.2.6.RELEASE/spring-boot-starter-json-2.2.6.RELEASE.jar:/home/local/IMIDOMAIN/shreya.r/.m2/repository/com/fasterxml/jackson/datatype/jackson-datatype-jdk8/2.10.3/jackson-datatype-jdk8-2.10.3.jar:/home/local/IMIDOMAIN/shreya.r/.m2/repository/com/fasterxml/jackson/datatype/jackson-datatype-jsr310/2.10.3/jackson-datatype-jsr310-2.10.3.jar:/home/local/IMIDOMAIN/shreya.r/.m2/repository/com/fasterxml/jackson/module/jackson-module-parameter-names/2.10.3/jackson-module-parameter-names-2.10.3.jar:/home/local/IMIDOMAIN/shreya.r/.m2/repository/org/springframework/boot/spring-boot-starter-tomcat/2.2.6.RELEASE/spring-boot-starter-tomcat-2.2.6.RELEASE.jar:/home/local/IMIDOMAIN/shreya.r/.m2/repository/org/apache/tomcat/embed/tomcat-embed-core/9.0.33/tomcat-embed-core-9.0.33.jar:/home/local/IMIDOMAIN/shreya.r/.m2/repository/org/apache/tomcat/embed/tomcat-embed-el/9.0.33/tomcat-embed-el-9.0.33.jar:/home/local/IMIDOMAIN/shreya.r/.m2/repository/org/apache/tomcat/embed/tomcat-embed-websocket/9.0.33/tomcat-embed-websocket-9.0.33.jar:/home/local/IMIDOMAIN/shreya.r/.m2/repository/org/springframework/boot/spring-boot-starter-validation/2.2.6.RELEASE/spring-boot-starter-validation-2.2.6.RELEASE.jar:/home/local/IMIDOMAIN/shreya.r/.m2/repository/jakarta/validation/jakarta.validation-api/2.0.2/jakarta.validation-api-2.0.2.jar:/home/local/IMIDOMAIN/shreya.r/.m2/repository/org/hibernate/validator/hibernate-validator/6.0.18.Final/hibernate-validator-6.0.18.Final.jar:/home/local/IMIDOMAIN/shreya.r/.m2/repository/org/jboss/logging/jboss-logging/3.4.1.Final/jboss-logging-3.4.1.Final.jar:/home/local/IMIDOMAIN/shreya.r/.m2/repository/com/fasterxml/classmate/1.5.1/classmate-1.5.1.jar:/home/local/IMIDOMAIN/shreya.r/.m2/repository/org/springframework/spring-web/5.2.5.RELEASE/spring-web-5.2.5.RELEASE.jar:/home/local/IMIDOMAIN/shreya.r/.m2/repository/org/springframework/spring-webmvc/5.2.5.RELEASE/spring-webmvc-5.2.5.RELEASE.jar:/home/local/IMIDOMAIN/shreya.r/.m2/repository/org/springframework/spring-aop/5.2.5.RELEASE/spring-aop-5.2.5.RELEASE.jar:/home/local/IMIDOMAIN/shreya.r/.m2/repository/org/slf4j/slf4j-api/1.7.30/slf4j-api-1.7.30.jar:/home/local/IMIDOMAIN/shreya.r/.m2/repository/net/logstash/logback/logstash-logback-encoder/4.11/logstash-logback-encoder-4.11.jar:/home/local/IMIDOMAIN/shreya.r/.m2/repository/ch/qos/logback/logback-core/1.2.3/logback-core-1.2.3.jar:/home/local/IMIDOMAIN/shreya.r/.m2/repository/com/fasterxml/jackson/core/jackson-databind/2.10.3/jackson-databind-2.10.3.jar:/home/local/IMIDOMAIN/shreya.r/.m2/repository/com/fasterxml/jackson/core/jackson-annotations/2.10.3/jackson-annotations-2.10.3.jar:/home/local/IMIDOMAIN/shreya.r/.m2/repository/com/fasterxml/jackson/core/jackson-core/2.10.3/jackson-core-2.10.3.jar:/home/local/IMIDOMAIN/shreya.r/.m2/repository/org/springframework/boot/spring-boot-starter-test/2.2.6.RELEASE/spring-boot-starter-test-2.2.6.RELEASE.jar:/home/local/IMIDOMAIN/shreya.r/.m2/repository/org/springframework/boot/spring-boot-test/2.2.6.RELEASE/spring-boot-test-2.2.6.RELEASE.jar:/home/local/IMIDOMAIN/shreya.r/.m2/repository/org/springframework/boot/spring-boot-test-autoconfigure/2.2.6.RELEASE/spring-boot-test-autoconfigure-2.2.6.RELEASE.jar:/home/local/IMIDOMAIN/shreya.r/.m2/repository/com/jayway/jsonpath/json-path/2.4.0/json-path-2.4.0.jar:/home/local/IMIDOMAIN/shreya.r/.m2/repository/net/minidev/json-smart/2.3/json-smart-2.3.jar:/home/local/IMIDOMAIN/shreya.r/.m2/repository/net/minidev/accessors-smart/1.2/accessors-smart-1.2.jar:/home/local/IMIDOMAIN/shreya.r/.m2/repository/org/ow2/asm/asm/5.0.4/asm-5.0.4.jar:/home/local/IMIDOMAIN/shreya.r/.m2/repository/jakarta/xml/bind/jakarta.xml.bind-api/2.3.3/jakarta.xml.bind-api-2.3.3.jar:/home/local/IMIDOMAIN/shreya.r/.m2/repository/jakarta/activation/jakarta.activation-api/1.2.2/jakarta.activation-api-1.2.2.jar:/home/local/IMIDOMAIN/shreya.r/.m2/repository/org/junit/jupiter/junit-jupiter/5.5.2/junit-jupiter-5.5.2.jar:/home/local/IMIDOMAIN/shreya.r/.m2/repository/org/junit/jupiter/junit-jupiter-api/5.5.2/junit-jupiter-api-5.5.2.jar:/home/local/IMIDOMAIN/shreya.r/.m2/repository/org/apiguardian/apiguardian-api/1.1.0/apiguardian-api-1.1.0.jar:/home/local/IMIDOMAIN/shreya.r/.m2/repository/org/opentest4j/opentest4j/1.2.0/opentest4j-1.2.0.jar:/home/local/IMIDOMAIN/shreya.r/.m2/repository/org/junit/platform/junit-platform-commons/1.5.2/junit-platform-commons-1.5.2.jar:/home/local/IMIDOMAIN/shreya.r/.m2/repository/org/junit/jupiter/junit-jupiter-params/5.5.2/junit-jupiter-params-5.5.2.jar:/home/local/IMIDOMAIN/shreya.r/.m2/repository/org/junit/jupiter/junit-jupiter-engine/5.5.2/junit-jupiter-engine-5.5.2.jar:/home/local/IMIDOMAIN/shreya.r/.m2/repository/org/junit/platform/junit-platform-engine/1.5.2/junit-platform-engine-1.5.2.jar:/home/local/IMIDOMAIN/shreya.r/.m2/repository/org/mockito/mockito-junit-jupiter/3.1.0/mockito-junit-jupiter-3.1.0.jar:/home/local/IMIDOMAIN/shreya.r/.m2/repository/org/assertj/assertj-core/3.13.2/assertj-core-3.13.2.jar:/home/local/IMIDOMAIN/shreya.r/.m2/repository/org/hamcrest/hamcrest/2.1/hamcrest-2.1.jar:/home/local/IMIDOMAIN/shreya.r/.m2/repository/org/mockito/mockito-core/3.1.0/mockito-core-3.1.0.jar:/home/local/IMIDOMAIN/shreya.r/.m2/repository/net/bytebuddy/byte-buddy/1.10.8/byte-buddy-1.10.8.jar:/home/local/IMIDOMAIN/shreya.r/.m2/repository/net/bytebuddy/byte-buddy-agent/1.10.8/byte-buddy-agent-1.10.8.jar:/home/local/IMIDOMAIN/shreya.r/.m2/repository/org/objenesis/objenesis/2.6/objenesis-2.6.jar:/home/local/IMIDOMAIN/shreya.r/.m2/repository/org/skyscreamer/jsonassert/1.5.0/jsonassert-1.5.0.jar:/home/local/IMIDOMAIN/shreya.r/.m2/repository/com/vaadin/external/google/android-json/0.0.20131108.vaadin1/android-json-0.0.20131108.vaadin1.jar:/home/local/IMIDOMAIN/shreya.r/.m2/repository/org/springframework/spring-core/5.2.5.RELEASE/spring-core-5.2.5.RELEASE.jar:/home/local/IMIDOMAIN/shreya.r/.m2/repository/org/springframework/spring-jcl/5.2.5.RELEASE/spring-jcl-5.2.5.RELEASE.jar:/home/local/IMIDOMAIN/shreya.r/.m2/repository/org/springframework/spring-test/5.2.5.RELEASE/spring-test-5.2.5.RELEASE.jar:/home/local/IMIDOMAIN/shreya.r/.m2/repository/org/xmlunit/xmlunit-core/2.6.4/xmlunit-core-2.6.4.jar:"/>
    <property name="sun.cpu.endian" value="little"/>
    <property name="user.home" value="/home/local/IMIDOMAIN/shreya.r"/>
    <property name="user.language" value="en"/>
    <property name="java.specification.vendor" value="Oracle Corporation"/>
    <property name="java.version.date" value="2019-10-15"/>
    <property name="java.home" value="/usr/lib/jvm/java-11-openjdk-amd64"/>
    <property name="file.separator" value="/"/>
    <property name="style.color" value="always"/>
    <property name="basedir" value="/home/local/IMIDOMAIN/shreya.r/Desktop/STSProjects/reports"/>
    <property name="java.vm.compressedOopsMode" value="32-bit"/>
    <property name="line.separator" value="&#10;"/>
    <property name="java.specification.name" value="Java Platform API Specification"/>
    <property name="java.vm.specification.vendor" value="Oracle Corporation"/>
    <property name="java.awt.graphicsenv" value="sun.awt.X11GraphicsEnvironment"/>
    <property name="surefire.real.class.path" value="/home/local/IMIDOMAIN/shreya.r/Desktop/STSProjects/reports/target/surefire/surefirebooter7075943421775562715.jar"/>
    <property name="sun.management.compiler" value="HotSpot 64-Bit Tiered Compilers"/>
    <property name="java.runtime.version" value="11.0.5+10-post-Ubuntu-0ubuntu1.118.04"/>
    <property name="user.name" value="IMIDOMAIN\shreya.r"/>
    <property name="path.separator" value=":"/>
    <property name="os.version" value="4.15.0-74-generic"/>
    <property name="java.runtime.name" value="OpenJDK Runtime Environment"/>
    <property name="file.encoding" value="UTF-8"/>
    <property name="java.vm.name" value="OpenJDK 64-Bit Server VM"/>
    <property name="localRepository" value="/home/local/IMIDOMAIN/shreya.r/.m2/repository"/>
    <property name="java.vendor.url.bug" value="Unknown"/>
    <property name="java.io.tmpdir" value="/tmp"/>
    <property name="java.version" value="11.0.5"/>
    <property name="user.dir" value="/home/local/IMIDOMAIN/shreya.r/Desktop/STSProjects/reports"/>
    <property name="os.arch" value="amd64"/>
    <property name="java.vm.specification.name" value="Java Virtual Machine Specification"/>
    <property name="java.awt.printerjob" value="sun.print.PSPrinterJob"/>
    <property name="sun.os.patch.level" value="unknown"/>
    <property name="java.library.path" value="/usr/java/packages/lib:/usr/lib/x86_64-linux-gnu/jni:/lib/x86_64-linux-gnu:/usr/lib/x86_64-linux-gnu:/usr/lib/jni:/lib:/usr/lib"/>
    <property name="java.vendor" value="Private Build"/>
    <property name="java.vm.info" value="mixed mode, sharing"/>
    <property name="java.vm.version" value="11.0.5+10-post-Ubuntu-0ubuntu1.118.04"/>
    <property name="sun.io.unicode.encoding" value="UnicodeLittle"/>
    <property name="java.class.version" value="55.0"/>
  </properties>
  <testcase name="fetchOneRecord" classname="com.control.textlocal.reports.ReportsApplicationTests" time="0.343">
    <error message="No converter found capable of converting from type [java.util.Date] to type [java.sql.Date]" type="org.springframework.core.convert.ConverterNotFoundException">org.springframework.core.convert.ConverterNotFoundException: No converter found capable of converting from type [java.util.Date] to type [java.sql.Date]
	at com.control.textlocal.reports.ReportsApplicationTests.fetchOneRecord(ReportsApplicationTests.java:32)
</error>
    <system-out><![CDATA[13:01:55.027 [main] DEBUG org.springframework.test.context.BootstrapUtils - Instantiating CacheAwareContextLoaderDelegate from class [org.springframework.test.context.cache.DefaultCacheAwareContextLoaderDelegate]
13:01:55.038 [main] DEBUG org.springframework.test.context.BootstrapUtils - Instantiating BootstrapContext using constructor [public org.springframework.test.context.support.DefaultBootstrapContext(java.lang.Class,org.springframework.test.context.CacheAwareContextLoaderDelegate)]
13:01:55.069 [main] DEBUG org.springframework.test.context.BootstrapUtils - Instantiating TestContextBootstrapper for test class [com.control.textlocal.reports.ReportsApplicationTests] from class [org.springframework.boot.test.context.SpringBootTestContextBootstrapper]
13:01:55.085 [main] INFO org.springframework.boot.test.context.SpringBootTestContextBootstrapper - Neither @ContextConfiguration nor @ContextHierarchy found for test class [com.control.textlocal.reports.ReportsApplicationTests], using SpringBootContextLoader
13:01:55.089 [main] DEBUG org.springframework.test.context.support.AbstractContextLoader - Did not detect default resource location for test class [com.control.textlocal.reports.ReportsApplicationTests]: class path resource [com/control/textlocal/reports/ReportsApplicationTests-context.xml] does not exist
13:01:55.090 [main] DEBUG org.springframework.test.context.support.AbstractContextLoader - Did not detect default resource location for test class [com.control.textlocal.reports.ReportsApplicationTests]: class path resource [com/control/textlocal/reports/ReportsApplicationTestsContext.groovy] does not exist
13:01:55.091 [main] INFO org.springframework.test.context.support.AbstractContextLoader - Could not detect default resource locations for test class [com.control.textlocal.reports.ReportsApplicationTests]: no resource found for suffixes {-context.xml, Context.groovy}.
13:01:55.093 [main] INFO org.springframework.test.context.support.AnnotationConfigContextLoaderUtils - Could not detect default configuration classes for test class [com.control.textlocal.reports.ReportsApplicationTests]: ReportsApplicationTests does not declare any static, non-private, non-final, nested classes annotated with @Configuration.
13:01:55.164 [main] DEBUG org.springframework.test.context.support.ActiveProfilesUtils - Could not find an 'annotation declaring class' for annotation type [org.springframework.test.context.ActiveProfiles] and class [com.control.textlocal.reports.ReportsApplicationTests]
13:01:55.236 [main] DEBUG org.springframework.context.annotation.ClassPathScanningCandidateComponentProvider - Identified candidate component class: file [/home/local/IMIDOMAIN/shreya.r/Desktop/STSProjects/reports/target/classes/com/control/textlocal/reports/ReportsApplication.class]
13:01:55.237 [main] INFO org.springframework.boot.test.context.SpringBootTestContextBootstrapper - Found @SpringBootConfiguration com.control.textlocal.reports.ReportsApplication for test class com.control.textlocal.reports.ReportsApplicationTests
13:01:55.328 [main] DEBUG org.springframework.boot.test.context.SpringBootTestContextBootstrapper - @TestExecutionListeners is not present for class [com.control.textlocal.reports.ReportsApplicationTests]: using defaults.
13:01:55.329 [main] INFO org.springframework.boot.test.context.SpringBootTestContextBootstrapper - Loaded default TestExecutionListener class names from location [META-INF/spring.factories]: [org.springframework.boot.test.mock.mockito.MockitoTestExecutionListener, org.springframework.boot.test.mock.mockito.ResetMocksTestExecutionListener, org.springframework.boot.test.autoconfigure.restdocs.RestDocsTestExecutionListener, org.springframework.boot.test.autoconfigure.web.client.MockRestServiceServerResetTestExecutionListener, org.springframework.boot.test.autoconfigure.web.servlet.MockMvcPrintOnlyOnFailureTestExecutionListener, org.springframework.boot.test.autoconfigure.web.servlet.WebDriverTestExecutionListener, org.springframework.test.context.web.ServletTestExecutionListener, org.springframework.test.context.support.DirtiesContextBeforeModesTestExecutionListener, org.springframework.test.context.support.DependencyInjectionTestExecutionListener, org.springframework.test.context.support.DirtiesContextTestExecutionListener, org.springframework.test.context.transaction.TransactionalTestExecutionListener, org.springframework.test.context.jdbc.SqlScriptsTestExecutionListener, org.springframework.test.context.event.EventPublishingTestExecutionListener]
13:01:55.341 [main] INFO org.springframework.boot.test.context.SpringBootTestContextBootstrapper - Using TestExecutionListeners: [org.springframework.test.context.web.ServletTestExecutionListener@379614be, org.springframework.test.context.support.DirtiesContextBeforeModesTestExecutionListener@404bbcbd, org.springframework.boot.test.mock.mockito.MockitoTestExecutionListener@1e81f160, org.springframework.boot.test.autoconfigure.SpringBootDependencyInjectionTestExecutionListener@1acaf3d, org.springframework.test.context.support.DirtiesContextTestExecutionListener@6986852, org.springframework.test.context.transaction.TransactionalTestExecutionListener@1bab8268, org.springframework.test.context.jdbc.SqlScriptsTestExecutionListener@a307a8c, org.springframework.test.context.event.EventPublishingTestExecutionListener@6e01f9b0, org.springframework.boot.test.mock.mockito.ResetMocksTestExecutionListener@2b9ed6da, org.springframework.boot.test.autoconfigure.restdocs.RestDocsTestExecutionListener@6c61a903, org.springframework.boot.test.autoconfigure.web.client.MockRestServiceServerResetTestExecutionListener@658c5a19, org.springframework.boot.test.autoconfigure.web.servlet.MockMvcPrintOnlyOnFailureTestExecutionListener@421e361, org.springframework.boot.test.autoconfigure.web.servlet.WebDriverTestExecutionListener@59d4cd39]
13:01:55.345 [main] DEBUG org.springframework.test.context.support.AbstractDirtiesContextTestExecutionListener - Before test class: context [DefaultTestContext@57ad2aa7 testClass = ReportsApplicationTests, testInstance = [null], testMethod = [null], testException = [null], mergedContextConfiguration = [WebMergedContextConfiguration@5b3f61ff testClass = ReportsApplicationTests, locations = '{}', classes = '{class com.control.textlocal.reports.ReportsApplication}', contextInitializerClasses = '[]', activeProfiles = '{}', propertySourceLocations = '{}', propertySourceProperties = '{org.springframework.boot.test.context.SpringBootTestContextBootstrapper=true}', contextCustomizers = set[org.springframework.boot.test.context.filter.ExcludeFilterContextCustomizer@55740540, org.springframework.boot.test.json.DuplicateJsonObjectContextCustomizerFactory$DuplicateJsonObjectContextCustomizer@1018bde2, org.springframework.boot.test.mock.mockito.MockitoContextCustomizer@0, org.springframework.boot.test.web.client.TestRestTemplateContextCustomizer@5552768b, org.springframework.boot.test.autoconfigure.properties.PropertyMappingContextCustomizer@0, org.springframework.boot.test.autoconfigure.web.servlet.WebDriverContextCustomizerFactory$Customizer@355ce81c], resourceBasePath = 'src/main/webapp', contextLoader = 'org.springframework.boot.test.context.SpringBootContextLoader', parent = [null]], attributes = map['org.springframework.test.context.web.ServletTestExecutionListener.activateListener' -> true]], class annotated with @DirtiesContext [false] with mode [null].
13:01:55.375 [main] DEBUG org.springframework.test.context.support.TestPropertySourceUtils - Adding inlined properties to environment: {spring.jmx.enabled=false, org.springframework.boot.test.context.SpringBootTestContextBootstrapper=true, server.port=-1}

  .   ____          _            __ _ _
 /\\ / ___'_ __ _ _(_)_ __  __ _ \ \ \ \
( ( )\___ | '_ | '_| | '_ \/ _` | \ \ \ \
 \\/  ___)| |_)| | | | | || (_| |  ) ) ) )
  '  |____| .__|_| |_|_| |_\__, | / / / /
 =========|_|==============|___/=/_/_/_/
 :: Spring Boot ::        (v2.2.6.RELEASE)

13:01:55.800 |  INFO | c.c.t.r.ReportsApplicationTests | Starting ReportsApplicationTests on wlpt963 with PID 11604 (started by IMIDOMAIN\shreya.r in /home/local/IMIDOMAIN/shreya.r/Desktop/STSProjects/reports)
13:01:55.801 |  INFO | c.c.t.r.ReportsApplicationTests | No active profile set, falling back to default profiles: default
13:01:56.370 |  INFO | o.s.d.r.c.RepositoryConfigurationDelegate | Bootstrapping Spring Data MongoDB repositories in DEFAULT mode.
13:01:56.416 |  INFO | o.s.d.r.c.RepositoryConfigurationDelegate | Finished Spring Data repository scanning in 41ms. Found 1 MongoDB repository interfaces.
13:01:56.912 |  INFO | o.mongodb.driver.cluster | Cluster created with settings {hosts=[localhost:27017], mode=SINGLE, requiredClusterType=UNKNOWN, serverSelectionTimeout='30000 ms', maxWaitQueueSize=500}
13:01:56.972 |  INFO | o.m.driver.connection | Opened connection [connectionId{localValue:1, serverValue:20}] to localhost:27017
13:01:56.977 |  INFO | o.mongodb.driver.cluster | Monitor thread successfully connected to server with description ServerDescription{address=localhost:27017, type=STANDALONE, state=CONNECTED, ok=true, version=ServerVersion{versionList=[4, 2, 3]}, minWireVersion=0, maxWireVersion=8, maxDocumentSize=16777216, logicalSessionTimeoutMinutes=30, roundTripTimeNanos=2368415}
13:01:57.623 |  INFO | o.s.s.c.ThreadPoolTaskExecutor | Initializing ExecutorService 'applicationTaskExecutor'
13:01:57.830 |  INFO | c.c.t.r.ReportsApplicationTests | Started ReportsApplicationTests in 2.445 seconds (JVM running for 3.403)
13:01:58.139 |  INFO | o.m.driver.connection | Opened connection [connectionId{localValue:2, serverValue:21}] to localhost:27017
]]></system-out>
  </testcase>
  <testcase name="contextLoads" classname="com.control.textlocal.reports.ReportsApplicationTests" time="0.002"/>
</testsuite>